-------------------------------------------------------------------------------
Test set: org.junit.jupiter.AppBookTest
-------------------------------------------------------------------------------
Tests run: 1, Failures: 1, Errors: 0, Skipped: 0, Time elapsed: 0.313 s <<< FAILURE! - in org.junit.jupiter.AppBookTest
notNull  Time elapsed: 0.251 s  <<< FAILURE!
java.lang.AssertionError
	at org.junit.jupiter.AppBookTest.notNull(AppBookTest.java:25)

